# JRE version: OpenJDK Runtime Environment (8.0_152-b01) (build 1.8.0_152-release-884-b01)
# Java VM: OpenJDK 64-Bit Server VM (25.152-b01 mixed mode windows-amd64 compressed oops)
Heap:
 PSYoungGen      total 120320K, used 66271K [0x00000000d5580000, 0x00000000ddd00000, 0x0000000100000000)
  eden space 108544K, 50% used [0x00000000d5580000,0x00000000d8abae08,0x00000000dbf80000)
  from space 11776K, 99% used [0x00000000dcd00000,0x00000000dd87cf98,0x00000000dd880000)
  to   space 13824K, 0% used [0x00000000dbf80000,0x00000000dbf80000,0x00000000dcd00000)
 ParOldGen       total 91648K, used 17880K [0x0000000080000000, 0x0000000085980000, 0x00000000d5580000)
  object space 91648K, 19% used [0x0000000080000000,0x0000000081176318,0x0000000085980000)
 Metaspace       used 50258K, capacity 51826K, committed 51928K, reserved 1093632K
  class space    used 6756K, capacity 7140K, committed 7168K, reserved 1048576K
GC Heap History (10 events):
Event: 6.753 GC heap before
{Heap before GC invocations=8 (full 1):
 PSYoungGen      total 72704K, used 72259K [0x00000000d5580000, 0x00000000dc500000, 0x0000000100000000)
  eden space 66560K, 100% used [0x00000000d5580000,0x00000000d9680000,0x00000000d9680000)
  from space 6144K, 92% used [0x00000000dbf00000,0x00000000dc490fd8,0x00000000dc500000)
  to   space 9216K, 0% used [0x00000000db300000,0x00000000db300000,0x00000000dbc00000)
 ParOldGen       total 55808K, used 9045K [0x0000000080000000, 0x0000000083680000, 0x00000000d5580000)
  object space 55808K, 16% used [0x0000000080000000,0x00000000808d57d0,0x0000000083680000)
 Metaspace       used 29817K, capacity 30318K, committed 30592K, reserved 1075200K
  class space    used 4073K, capacity 4206K, committed 4224K, reserved 1048576K
Event: 6.771 GC heap after
Heap after GC invocations=8 (full 1):
 PSYoungGen      total 97792K, used 8207K [0x00000000d5580000, 0x00000000dbf80000, 0x0000000100000000)
  eden space 89088K, 0% used [0x00000000d5580000,0x00000000d5580000,0x00000000dac80000)
  from space 8704K, 94% used [0x00000000db300000,0x00000000dbb03e78,0x00000000dbb80000)
  to   space 4096K, 0% used [0x00000000dbb80000,0x00000000dbb80000,0x00000000dbf80000)
 ParOldGen       total 55808K, used 9053K [0x0000000080000000, 0x0000000083680000, 0x00000000d5580000)
  object space 55808K, 16% used [0x0000000080000000,0x00000000808d77d0,0x0000000083680000)
 Metaspace       used 29817K, capacity 30318K, committed 30592K, reserved 1075200K
  class space    used 4073K, capacity 4206K, committed 4224K, reserved 1048576K
}
Event: 8.872 GC heap before
{Heap before GC invocations=9 (full 1):
 PSYoungGen      total 97792K, used 84089K [0x00000000d5580000, 0x00000000dbf80000, 0x0000000100000000)
  eden space 89088K, 85% used [0x00000000d5580000,0x00000000d9f9a7c0,0x00000000dac80000)
  from space 8704K, 94% used [0x00000000db300000,0x00000000dbb03e78,0x00000000dbb80000)
  to   space 4096K, 0% used [0x00000000dbb80000,0x00000000dbb80000,0x00000000dbf80000)
 ParOldGen       total 55808K, used 9053K [0x0000000080000000, 0x0000000083680000, 0x00000000d5580000)
  object space 55808K, 16% used [0x0000000080000000,0x00000000808d77d0,0x0000000083680000)
 Metaspace       used 34563K, capacity 35228K, committed 35416K, reserved 1079296K
  class space    used 4677K, capacity 4908K, committed 4992K, reserved 1048576K
Event: 8.899 GC heap after
Heap after GC invocations=9 (full 1):
 PSYoungGen      total 97280K, used 4096K [0x00000000d5580000, 0x00000000ddf00000, 0x0000000100000000)
  eden space 93184K, 0% used [0x00000000d5580000,0x00000000d5580000,0x00000000db080000)
  from space 4096K, 100% used [0x00000000dbb80000,0x00000000dbf80000,0x00000000dbf80000)
  to   space 11264K, 0% used [0x00000000db080000,0x00000000db080000,0x00000000dbb80000)
 ParOldGen       total 55808K, used 14848K [0x0000000080000000, 0x0000000083680000, 0x00000000d5580000)
  object space 55808K, 26% used [0x0000000080000000,0x0000000080e80150,0x0000000083680000)
 Metaspace       used 34563K, capacity 35228K, committed 35416K, reserved 1079296K
  class space    used 4677K, capacity 4908K, committed 4992K, reserved 1048576K
}
Event: 8.899 GC heap before
{Heap before GC invocations=10 (full 2):
 PSYoungGen      total 97280K, used 4096K [0x00000000d5580000, 0x00000000ddf00000, 0x0000000100000000)
  eden space 93184K, 0% used [0x00000000d5580000,0x00000000d5580000,0x00000000db080000)
  from space 4096K, 100% used [0x00000000dbb80000,0x00000000dbf80000,0x00000000dbf80000)
  to   space 11264K, 0% used [0x00000000db080000,0x00000000db080000,0x00000000dbb80000)
 ParOldGen       total 55808K, used 14848K [0x0000000080000000, 0x0000000083680000, 0x00000000d5580000)
  object space 55808K, 26% used [0x0000000080000000,0x0000000080e80150,0x0000000083680000)
 Metaspace       used 34563K, capacity 35228K, committed 35416K, reserved 1079296K
  class space    used 4677K, capacity 4908K, committed 4992K, reserved 1048576K
Event: 9.064 GC heap after
Heap after GC invocations=10 (full 2):
 PSYoungGen      total 97280K, used 0K [0x00000000d5580000, 0x00000000ddf00000, 0x0000000100000000)
  eden space 93184K, 0% used [0x00000000d5580000,0x00000000d5580000,0x00000000db080000)
  from space 4096K, 0% used [0x00000000dbb80000,0x00000000dbb80000,0x00000000dbf80000)
  to   space 11264K, 0% used [0x00000000db080000,0x00000000db080000,0x00000000dbb80000)
 ParOldGen       total 91648K, used 16136K [0x0000000080000000, 0x0000000085980000, 0x00000000d5580000)
  object space 91648K, 17% used [0x0000000080000000,0x0000000080fc2398,0x0000000085980000)
 Metaspace       used 34563K, capacity 35228K, committed 35416K, reserved 1079296K
  class space    used 4677K, capacity 4908K, committed 4992K, reserved 1048576K
}
Event: 10.794 GC heap before
{Heap before GC invocations=11 (full 2):
 PSYoungGen      total 97280K, used 93184K [0x00000000d5580000, 0x00000000ddf00000, 0x0000000100000000)
  eden space 93184K, 100% used [0x00000000d5580000,0x00000000db080000,0x00000000db080000)
  from space 4096K, 0% used [0x00000000dbb80000,0x00000000dbb80000,0x00000000dbf80000)
  to   space 11264K, 0% used [0x00000000db080000,0x00000000db080000,0x00000000dbb80000)
 ParOldGen       total 91648K, used 16136K [0x0000000080000000, 0x0000000085980000, 0x00000000d5580000)
  object space 91648K, 17% used [0x0000000080000000,0x0000000080fc2398,0x0000000085980000)
 Metaspace       used 40543K, capacity 41260K, committed 41432K, reserved 1085440K
  class space    used 5380K, capacity 5626K, committed 5632K, reserved 1048576K
Event: 10.820 GC heap after
Heap after GC invocations=11 (full 2):
 PSYoungGen      total 104448K, used 9756K [0x00000000d5580000, 0x00000000dd880000, 0x0000000100000000)
  eden space 93184K, 0% used [0x00000000d5580000,0x00000000d5580000,0x00000000db080000)
  from space 11264K, 86% used [0x00000000db080000,0x00000000dba071c8,0x00000000dbb80000)
  to   space 11776K, 0% used [0x00000000dcd00000,0x00000000dcd00000,0x00000000dd880000)
 ParOldGen       total 91648K, used 16136K [0x0000000080000000, 0x0000000085980000, 0x00000000d5580000)
  object space 91648K, 17% used [0x0000000080000000,0x0000000080fc2398,0x0000000085980000)
 Metaspace       used 40543K, capacity 41260K, committed 41432K, reserved 1085440K
  class space    used 5380K, capacity 5626K, committed 5632K, reserved 1048576K
}
Event: 12.496 GC heap before
{Heap before GC invocations=12 (full 2):
 PSYoungGen      total 104448K, used 102940K [0x00000000d5580000, 0x00000000dd880000, 0x0000000100000000)
  eden space 93184K, 100% used [0x00000000d5580000,0x00000000db080000,0x00000000db080000)
  from space 11264K, 86% used [0x00000000db080000,0x00000000dba071c8,0x00000000dbb80000)
  to   space 11776K, 0% used [0x00000000dcd00000,0x00000000dcd00000,0x00000000dd880000)
 ParOldGen       total 91648K, used 16136K [0x0000000080000000, 0x0000000085980000, 0x00000000d5580000)
  object space 91648K, 17% used [0x0000000080000000,0x0000000080fc2398,0x0000000085980000)
 Metaspace       used 46286K, capacity 47288K, committed 47448K, reserved 1089536K
  class space    used 6162K, capacity 6473K, committed 6528K, reserved 1048576K
Event: 12.524 GC heap after
Heap after GC invocations=12 (full 2):
 PSYoungGen      total 120320K, used 11763K [0x00000000d5580000, 0x00000000ddd00000, 0x0000000100000000)
  eden space 108544K, 0% used [0x00000000d5580000,0x00000000d5580000,0x00000000dbf80000)
  from space 11776K, 99% used [0x00000000dcd00000,0x00000000dd87cf98,0x00000000dd880000)
  to   space 13824K, 0% used [0x00000000dbf80000,0x00000000dbf80000,0x00000000dcd00000)
 ParOldGen       total 91648K, used 17880K [0x0000000080000000, 0x0000000085980000, 0x00000000d5580000)
  object space 91648K, 19% used [0x0000000080000000,0x0000000081176318,0x0000000085980000)
 Metaspace       used 46286K, capacity 47288K, committed 47448K, reserved 1089536K
  class space    used 6162K, capacity 6473K, committed 6528K, reserved 1048576K
}

