# JRE version: OpenJDK Runtime Environment (8.0_152-b01) (build 1.8.0_152-release-884-b01)
# Java VM: OpenJDK 64-Bit Server VM (25.152-b01 mixed mode windows-amd64 compressed oops)
Heap:
 PSYoungGen      total 268800K, used 73865K [0x00000000d5580000, 0x00000000e8280000, 0x0000000100000000)
  eden space 237568K, 19% used [0x00000000d5580000,0x00000000d82ae8b0,0x00000000e3d80000)
  from space 31232K, 88% used [0x00000000e5f80000,0x00000000e7a73d18,0x00000000e7e00000)
  to   space 34816K, 0% used [0x00000000e3d80000,0x00000000e3d80000,0x00000000e5f80000)
 ParOldGen       total 151552K, used 38207K [0x0000000080000000, 0x0000000089400000, 0x00000000d5580000)
  object space 151552K, 25% used [0x0000000080000000,0x000000008254ff28,0x0000000089400000)
 Metaspace       used 65120K, capacity 68684K, committed 68952K, reserved 1107968K
  class space    used 8571K, capacity 9481K, committed 9600K, reserved 1048576K
GC Heap History (10 events):
Event: 50.677 GC heap before
{Heap before GC invocations=13 (full 2):
 PSYoungGen      total 207360K, used 158823K [0x00000000d5580000, 0x00000000e4200000, 0x0000000100000000)
  eden space 182784K, 73% used [0x00000000d5580000,0x00000000dd8a0360,0x00000000e0800000)
  from space 24576K, 99% used [0x00000000e2480000,0x00000000e3c799f8,0x00000000e3c80000)
  to   space 29184K, 0% used [0x00000000e0800000,0x00000000e0800000,0x00000000e2480000)
 ParOldGen       total 96768K, used 29028K [0x0000000080000000, 0x0000000085e80000, 0x00000000d5580000)
  object space 96768K, 29% used [0x0000000080000000,0x0000000081c590e8,0x0000000085e80000)
 Metaspace       used 57074K, capacity 58890K, committed 59028K, reserved 1099776K
  class space    used 7528K, capacity 7936K, committed 7936K, reserved 1048576K
Event: 50.721 GC heap after
Heap after GC invocations=13 (full 2):
 PSYoungGen      total 211968K, used 15871K [0x00000000d5580000, 0x00000000e5980000, 0x0000000100000000)
  eden space 182784K, 0% used [0x00000000d5580000,0x00000000d5580000,0x00000000e0800000)
  from space 29184K, 54% used [0x00000000e0800000,0x00000000e177ff78,0x00000000e2480000)
  to   space 28672K, 0% used [0x00000000e3d80000,0x00000000e3d80000,0x00000000e5980000)
 ParOldGen       total 96768K, used 40209K [0x0000000080000000, 0x0000000085e80000, 0x00000000d5580000)
  object space 96768K, 41% used [0x0000000080000000,0x0000000082744798,0x0000000085e80000)
 Metaspace       used 57074K, capacity 58890K, committed 59028K, reserved 1099776K
  class space    used 7528K, capacity 7936K, committed 7936K, reserved 1048576K
}
Event: 50.721 GC heap before
{Heap before GC invocations=14 (full 3):
 PSYoungGen      total 211968K, used 15871K [0x00000000d5580000, 0x00000000e5980000, 0x0000000100000000)
  eden space 182784K, 0% used [0x00000000d5580000,0x00000000d5580000,0x00000000e0800000)
  from space 29184K, 54% used [0x00000000e0800000,0x00000000e177ff78,0x00000000e2480000)
  to   space 28672K, 0% used [0x00000000e3d80000,0x00000000e3d80000,0x00000000e5980000)
 ParOldGen       total 96768K, used 40209K [0x0000000080000000, 0x0000000085e80000, 0x00000000d5580000)
  object space 96768K, 41% used [0x0000000080000000,0x0000000082744798,0x0000000085e80000)
 Metaspace       used 57074K, capacity 58890K, committed 59028K, reserved 1099776K
  class space    used 7528K, capacity 7936K, committed 7936K, reserved 1048576K
Event: 51.136 GC heap after
Heap after GC invocations=14 (full 3):
 PSYoungGen      total 211968K, used 0K [0x00000000d5580000, 0x00000000e5980000, 0x0000000100000000)
  eden space 182784K, 0% used [0x00000000d5580000,0x00000000d5580000,0x00000000e0800000)
  from space 29184K, 0% used [0x00000000e0800000,0x00000000e0800000,0x00000000e2480000)
  to   space 28672K, 0% used [0x00000000e3d80000,0x00000000e3d80000,0x00000000e5980000)
 ParOldGen       total 151552K, used 38183K [0x0000000080000000, 0x0000000089400000, 0x00000000d5580000)
  object space 151552K, 25% used [0x0000000080000000,0x0000000082549f28,0x0000000089400000)
 Metaspace       used 57074K, capacity 58890K, committed 59028K, reserved 1099776K
  class space    used 7528K, capacity 7936K, committed 7936K, reserved 1048576K
}
Event: 133.964 GC heap before
{Heap before GC invocations=15 (full 3):
 PSYoungGen      total 211968K, used 182784K [0x00000000d5580000, 0x00000000e5980000, 0x0000000100000000)
  eden space 182784K, 100% used [0x00000000d5580000,0x00000000e0800000,0x00000000e0800000)
  from space 29184K, 0% used [0x00000000e0800000,0x00000000e0800000,0x00000000e2480000)
  to   space 28672K, 0% used [0x00000000e3d80000,0x00000000e3d80000,0x00000000e5980000)
 ParOldGen       total 151552K, used 38183K [0x0000000080000000, 0x0000000089400000, 0x00000000d5580000)
  object space 151552K, 25% used [0x0000000080000000,0x0000000082549f28,0x0000000089400000)
 Metaspace       used 61374K, capacity 64036K, committed 64216K, reserved 1105920K
  class space    used 7970K, capacity 8622K, committed 8704K, reserved 1048576K
Event: 133.992 GC heap after
Heap after GC invocations=15 (full 3):
 PSYoungGen      total 235520K, used 8123K [0x00000000d5580000, 0x00000000e5800000, 0x0000000100000000)
  eden space 208384K, 0% used [0x00000000d5580000,0x00000000d5580000,0x00000000e2100000)
  from space 27136K, 29% used [0x00000000e3d80000,0x00000000e456efb8,0x00000000e5800000)
  to   space 28160K, 0% used [0x00000000e2100000,0x00000000e2100000,0x00000000e3c80000)
 ParOldGen       total 151552K, used 38191K [0x0000000080000000, 0x0000000089400000, 0x00000000d5580000)
  object space 151552K, 25% used [0x0000000080000000,0x000000008254bf28,0x0000000089400000)
 Metaspace       used 61374K, capacity 64036K, committed 64216K, reserved 1105920K
  class space    used 7970K, capacity 8622K, committed 8704K, reserved 1048576K
}
Event: 139.024 GC heap before
{Heap before GC invocations=16 (full 3):
 PSYoungGen      total 235520K, used 216507K [0x00000000d5580000, 0x00000000e5800000, 0x0000000100000000)
  eden space 208384K, 100% used [0x00000000d5580000,0x00000000e2100000,0x00000000e2100000)
  from space 27136K, 29% used [0x00000000e3d80000,0x00000000e456efb8,0x00000000e5800000)
  to   space 28160K, 0% used [0x00000000e2100000,0x00000000e2100000,0x00000000e3c80000)
 ParOldGen       total 151552K, used 38191K [0x0000000080000000, 0x0000000089400000, 0x00000000d5580000)
  object space 151552K, 25% used [0x0000000080000000,0x000000008254bf28,0x0000000089400000)
 Metaspace       used 64105K, capacity 67140K, committed 67416K, reserved 1107968K
  class space    used 8453K, capacity 9264K, committed 9344K, reserved 1048576K
Event: 139.079 GC heap after
Heap after GC invocations=16 (full 3):
 PSYoungGen      total 236544K, used 25044K [0x00000000d5580000, 0x00000000e7e00000, 0x0000000100000000)
  eden space 208384K, 0% used [0x00000000d5580000,0x00000000d5580000,0x00000000e2100000)
  from space 28160K, 88% used [0x00000000e2100000,0x00000000e39752f0,0x00000000e3c80000)
  to   space 31232K, 0% used [0x00000000e5f80000,0x00000000e5f80000,0x00000000e7e00000)
 ParOldGen       total 151552K, used 38199K [0x0000000080000000, 0x0000000089400000, 0x00000000d5580000)
  object space 151552K, 25% used [0x0000000080000000,0x000000008254df28,0x0000000089400000)
 Metaspace       used 64105K, capacity 67140K, committed 67416K, reserved 1107968K
  class space    used 8453K, capacity 9264K, committed 9344K, reserved 1048576K
}
Event: 155.224 GC heap before
{Heap before GC invocations=17 (full 3):
 PSYoungGen      total 236544K, used 233428K [0x00000000d5580000, 0x00000000e7e00000, 0x0000000100000000)
  eden space 208384K, 100% used [0x00000000d5580000,0x00000000e2100000,0x00000000e2100000)
  from space 28160K, 88% used [0x00000000e2100000,0x00000000e39752f0,0x00000000e3c80000)
  to   space 31232K, 0% used [0x00000000e5f80000,0x00000000e5f80000,0x00000000e7e00000)
 ParOldGen       total 151552K, used 38199K [0x0000000080000000, 0x0000000089400000, 0x00000000d5580000)
  object space 151552K, 25% used [0x0000000080000000,0x000000008254df28,0x0000000089400000)
 Metaspace       used 65112K, capacity 68684K, committed 68952K, reserved 1107968K
  class space    used 8571K, capacity 9481K, committed 9600K, reserved 1048576K
Event: 155.297 GC heap after
Heap after GC invocations=17 (full 3):
 PSYoungGen      total 268800K, used 27599K [0x00000000d5580000, 0x00000000e8280000, 0x0000000100000000)
  eden space 237568K, 0% used [0x00000000d5580000,0x00000000d5580000,0x00000000e3d80000)
  from space 31232K, 88% used [0x00000000e5f80000,0x00000000e7a73d18,0x00000000e7e00000)
  to   space 34816K, 0% used [0x00000000e3d80000,0x00000000e3d80000,0x00000000e5f80000)
 ParOldGen       total 151552K, used 38207K [0x0000000080000000, 0x0000000089400000, 0x00000000d5580000)
  object space 151552K, 25% used [0x0000000080000000,0x000000008254ff28,0x0000000089400000)
 Metaspace       used 65112K, capacity 68684K, committed 68952K, reserved 1107968K
  class space    used 8571K, capacity 9481K, committed 9600K, reserved 1048576K
}

